/vol/joberant_nobck/data/NLP_368307701_2526a/inbalmoryles/envs/falcon-env/lib/python3.10/site-packages/mamba_ssm/ops/selective_scan_interface.py:164: FutureWarning: `torch.cuda.amp.custom_fwd(args...)` is deprecated. Please use `torch.amp.custom_fwd(args..., device_type='cuda')` instead.
  def forward(ctx, xz, conv1d_weight, conv1d_bias, x_proj_weight, delta_proj_weight,
/vol/joberant_nobck/data/NLP_368307701_2526a/inbalmoryles/envs/falcon-env/lib/python3.10/site-packages/mamba_ssm/ops/selective_scan_interface.py:240: FutureWarning: `torch.cuda.amp.custom_bwd(args...)` is deprecated. Please use `torch.amp.custom_bwd(args..., device_type='cuda')` instead.
  def backward(ctx, dout):
/vol/joberant_nobck/data/NLP_368307701_2526a/inbalmoryles/envs/falcon-env/lib/python3.10/site-packages/mamba_ssm/ops/triton/layer_norm.py:986: FutureWarning: `torch.cuda.amp.custom_fwd(args...)` is deprecated. Please use `torch.amp.custom_fwd(args..., device_type='cuda')` instead.
  def forward(
/vol/joberant_nobck/data/NLP_368307701_2526a/inbalmoryles/envs/falcon-env/lib/python3.10/site-packages/mamba_ssm/ops/triton/layer_norm.py:1045: FutureWarning: `torch.cuda.amp.custom_bwd(args...)` is deprecated. Please use `torch.amp.custom_bwd(args..., device_type='cuda')` instead.
  def backward(ctx, dout, *args):
/vol/joberant_nobck/data/NLP_368307701_2526a/inbalmoryles/envs/falcon-env/lib/python3.10/site-packages/mamba_ssm/distributed/tensor_parallel.py:26: FutureWarning: `torch.cuda.amp.custom_fwd(args...)` is deprecated. Please use `torch.amp.custom_fwd(args..., device_type='cuda')` instead.
  def forward(ctx, x, weight, bias, process_group=None, sequence_parallel=True):
/vol/joberant_nobck/data/NLP_368307701_2526a/inbalmoryles/envs/falcon-env/lib/python3.10/site-packages/mamba_ssm/distributed/tensor_parallel.py:62: FutureWarning: `torch.cuda.amp.custom_bwd(args...)` is deprecated. Please use `torch.amp.custom_bwd(args..., device_type='cuda')` instead.
  def backward(ctx, grad_output):
/vol/joberant_nobck/data/NLP_368307701_2526a/inbalmoryles/envs/falcon-env/lib/python3.10/site-packages/mamba_ssm/ops/triton/ssd_combined.py:758: FutureWarning: `torch.cuda.amp.custom_fwd(args...)` is deprecated. Please use `torch.amp.custom_fwd(args..., device_type='cuda')` instead.
  def forward(ctx, zxbcdt, conv1d_weight, conv1d_bias, dt_bias, A, D, chunk_size, initial_states=None, seq_idx=None, dt_limit=(0.0, float("inf")), return_final_states=False, activation="silu",
/vol/joberant_nobck/data/NLP_368307701_2526a/inbalmoryles/envs/falcon-env/lib/python3.10/site-packages/mamba_ssm/ops/triton/ssd_combined.py:836: FutureWarning: `torch.cuda.amp.custom_bwd(args...)` is deprecated. Please use `torch.amp.custom_bwd(args..., device_type='cuda')` instead.
  def backward(ctx, dout, *args):
Traceback (most recent call last):
  File "/vol/joberant_nobck/data/NLP_368307701_2526a/inbalmoryles/100reps/run_layer_experiments.py", line 459, in <module>
    main()
  File "/vol/joberant_nobck/data/NLP_368307701_2526a/inbalmoryles/100reps/run_layer_experiments.py", line 373, in main
    model = AutoModelForCausalLM.from_pretrained(args.model_id, **model_kwargs)
  File "/vol/joberant_nobck/data/NLP_368307701_2526a/inbalmoryles/envs/falcon-env/lib/python3.10/site-packages/transformers/models/auto/auto_factory.py", line 387, in from_pretrained
    return model_class.from_pretrained(
  File "/vol/joberant_nobck/data/NLP_368307701_2526a/inbalmoryles/envs/falcon-env/lib/python3.10/site-packages/transformers/modeling_utils.py", line 4096, in from_pretrained
    hf_quantizer.preprocess_model(
  File "/vol/joberant_nobck/data/NLP_368307701_2526a/inbalmoryles/envs/falcon-env/lib/python3.10/site-packages/transformers/quantizers/base.py", line 171, in preprocess_model
    self._process_model_before_weight_loading(model, **kwargs)
  File "/vol/joberant_nobck/data/NLP_368307701_2526a/inbalmoryles/envs/falcon-env/lib/python3.10/site-packages/transformers/quantizers/quantizer_bnb_8bit.py", line 142, in _process_model_before_weight_loading
    model = replace_with_bnb_linear(
  File "/vol/joberant_nobck/data/NLP_368307701_2526a/inbalmoryles/envs/falcon-env/lib/python3.10/site-packages/transformers/integrations/bitsandbytes.py", line 222, in replace_with_bnb_linear
    model.set_submodule(module_name, new_module)
  File "/vol/joberant_nobck/data/NLP_368307701_2526a/inbalmoryles/envs/falcon-env/lib/python3.10/site-packages/torch/nn/modules/module.py", line 1729, in __getattr__
    raise AttributeError(f"'{type(self).__name__}' object has no attribute '{name}'")
AttributeError: 'FalconH1ForCausalLM' object has no attribute 'set_submodule'. Did you mean: 'get_submodule'?
