/vol/joberant_nobck/data/NLP_368307701_2526a/inbalmoryles/envs/zamba-env/lib/python3.10/site-packages/mamba_ssm/ops/selective_scan_interface.py:164: FutureWarning: `torch.cuda.amp.custom_fwd(args...)` is deprecated. Please use `torch.amp.custom_fwd(args..., device_type='cuda')` instead.
  def forward(ctx, xz, conv1d_weight, conv1d_bias, x_proj_weight, delta_proj_weight,
/vol/joberant_nobck/data/NLP_368307701_2526a/inbalmoryles/envs/zamba-env/lib/python3.10/site-packages/mamba_ssm/ops/selective_scan_interface.py:240: FutureWarning: `torch.cuda.amp.custom_bwd(args...)` is deprecated. Please use `torch.amp.custom_bwd(args..., device_type='cuda')` instead.
  def backward(ctx, dout):
/vol/joberant_nobck/data/NLP_368307701_2526a/inbalmoryles/envs/zamba-env/lib/python3.10/site-packages/mamba_ssm/ops/triton/layer_norm.py:986: FutureWarning: `torch.cuda.amp.custom_fwd(args...)` is deprecated. Please use `torch.amp.custom_fwd(args..., device_type='cuda')` instead.
  def forward(
/vol/joberant_nobck/data/NLP_368307701_2526a/inbalmoryles/envs/zamba-env/lib/python3.10/site-packages/mamba_ssm/ops/triton/layer_norm.py:1045: FutureWarning: `torch.cuda.amp.custom_bwd(args...)` is deprecated. Please use `torch.amp.custom_bwd(args..., device_type='cuda')` instead.
  def backward(ctx, dout, *args):
/vol/joberant_nobck/data/NLP_368307701_2526a/inbalmoryles/envs/zamba-env/lib/python3.10/site-packages/mamba_ssm/distributed/tensor_parallel.py:26: FutureWarning: `torch.cuda.amp.custom_fwd(args...)` is deprecated. Please use `torch.amp.custom_fwd(args..., device_type='cuda')` instead.
  def forward(ctx, x, weight, bias, process_group=None, sequence_parallel=True):
/vol/joberant_nobck/data/NLP_368307701_2526a/inbalmoryles/envs/zamba-env/lib/python3.10/site-packages/mamba_ssm/distributed/tensor_parallel.py:62: FutureWarning: `torch.cuda.amp.custom_bwd(args...)` is deprecated. Please use `torch.amp.custom_bwd(args..., device_type='cuda')` instead.
  def backward(ctx, grad_output):
/vol/joberant_nobck/data/NLP_368307701_2526a/inbalmoryles/envs/zamba-env/lib/python3.10/site-packages/mamba_ssm/ops/triton/ssd_combined.py:758: FutureWarning: `torch.cuda.amp.custom_fwd(args...)` is deprecated. Please use `torch.amp.custom_fwd(args..., device_type='cuda')` instead.
  def forward(ctx, zxbcdt, conv1d_weight, conv1d_bias, dt_bias, A, D, chunk_size, initial_states=None, seq_idx=None, dt_limit=(0.0, float("inf")), return_final_states=False, activation="silu",
/vol/joberant_nobck/data/NLP_368307701_2526a/inbalmoryles/envs/zamba-env/lib/python3.10/site-packages/mamba_ssm/ops/triton/ssd_combined.py:836: FutureWarning: `torch.cuda.amp.custom_bwd(args...)` is deprecated. Please use `torch.amp.custom_bwd(args..., device_type='cuda')` instead.
  def backward(ctx, dout, *args):
Loading checkpoint shards:   0%|          | 0/3 [00:00<?, ?it/s]Loading checkpoint shards:  33%|███▎      | 1/3 [00:03<00:06,  3.15s/it]Loading checkpoint shards:  67%|██████▋   | 2/3 [00:06<00:03,  3.17s/it]Loading checkpoint shards: 100%|██████████| 3/3 [00:09<00:00,  3.13s/it]Loading checkpoint shards: 100%|██████████| 3/3 [00:09<00:00,  3.14s/it]
/vol/joberant_nobck/data/NLP_368307701_2526a/inbalmoryles/envs/zamba-env/lib/python3.10/site-packages/accelerate/utils/modeling.py:1598: UserWarning: The following device_map keys do not match any submodules in the model: ['model.layers.17.shared_transformer', 'model.layers.29.shared_transformer', 'model.layers.41.shared_transformer', 'model.layers.53.shared_transformer', 'model.layers.65.shared_transformer', 'model.layers.23.shared_transformer', 'model.layers.35.shared_transformer', 'model.layers.47.shared_transformer', 'model.layers.59.shared_transformer', 'model.layers.71.shared_transformer']
  warnings.warn(
Layers:   0%|          | 0/1 [00:00<?, ?it/s]
Layer 6:   0%|          | 0/1000 [00:00<?, ?it/s][Aslurmstepd: error: *** JOB 290445 ON s-004 CANCELLED AT 2026-04-27T21:17:55 ***
