/vol/joberant_nobck/data/NLP_368307701_2526a/inbalmoryles/envs/zamba-env/lib/python3.10/site-packages/mamba_ssm/ops/selective_scan_interface.py:164: FutureWarning: `torch.cuda.amp.custom_fwd(args...)` is deprecated. Please use `torch.amp.custom_fwd(args..., device_type='cuda')` instead.
  def forward(ctx, xz, conv1d_weight, conv1d_bias, x_proj_weight, delta_proj_weight,
/vol/joberant_nobck/data/NLP_368307701_2526a/inbalmoryles/envs/zamba-env/lib/python3.10/site-packages/mamba_ssm/ops/selective_scan_interface.py:240: FutureWarning: `torch.cuda.amp.custom_bwd(args...)` is deprecated. Please use `torch.amp.custom_bwd(args..., device_type='cuda')` instead.
  def backward(ctx, dout):
/vol/joberant_nobck/data/NLP_368307701_2526a/inbalmoryles/envs/zamba-env/lib/python3.10/site-packages/mamba_ssm/ops/triton/layer_norm.py:986: FutureWarning: `torch.cuda.amp.custom_fwd(args...)` is deprecated. Please use `torch.amp.custom_fwd(args..., device_type='cuda')` instead.
  def forward(
/vol/joberant_nobck/data/NLP_368307701_2526a/inbalmoryles/envs/zamba-env/lib/python3.10/site-packages/mamba_ssm/ops/triton/layer_norm.py:1045: FutureWarning: `torch.cuda.amp.custom_bwd(args...)` is deprecated. Please use `torch.amp.custom_bwd(args..., device_type='cuda')` instead.
  def backward(ctx, dout, *args):
/vol/joberant_nobck/data/NLP_368307701_2526a/inbalmoryles/envs/zamba-env/lib/python3.10/site-packages/mamba_ssm/distributed/tensor_parallel.py:26: FutureWarning: `torch.cuda.amp.custom_fwd(args...)` is deprecated. Please use `torch.amp.custom_fwd(args..., device_type='cuda')` instead.
  def forward(ctx, x, weight, bias, process_group=None, sequence_parallel=True):
/vol/joberant_nobck/data/NLP_368307701_2526a/inbalmoryles/envs/zamba-env/lib/python3.10/site-packages/mamba_ssm/distributed/tensor_parallel.py:62: FutureWarning: `torch.cuda.amp.custom_bwd(args...)` is deprecated. Please use `torch.amp.custom_bwd(args..., device_type='cuda')` instead.
  def backward(ctx, grad_output):
/vol/joberant_nobck/data/NLP_368307701_2526a/inbalmoryles/envs/zamba-env/lib/python3.10/site-packages/mamba_ssm/ops/triton/ssd_combined.py:758: FutureWarning: `torch.cuda.amp.custom_fwd(args...)` is deprecated. Please use `torch.amp.custom_fwd(args..., device_type='cuda')` instead.
  def forward(ctx, zxbcdt, conv1d_weight, conv1d_bias, dt_bias, A, D, chunk_size, initial_states=None, seq_idx=None, dt_limit=(0.0, float("inf")), return_final_states=False, activation="silu",
/vol/joberant_nobck/data/NLP_368307701_2526a/inbalmoryles/envs/zamba-env/lib/python3.10/site-packages/mamba_ssm/ops/triton/ssd_combined.py:836: FutureWarning: `torch.cuda.amp.custom_bwd(args...)` is deprecated. Please use `torch.amp.custom_bwd(args..., device_type='cuda')` instead.
  def backward(ctx, dout, *args):
Loading checkpoint shards:   0%|          | 0/3 [00:00<?, ?it/s]Loading checkpoint shards:  33%|███▎      | 1/3 [00:05<00:10,  5.41s/it]Loading checkpoint shards:  67%|██████▋   | 2/3 [00:08<00:04,  4.29s/it]Loading checkpoint shards: 100%|██████████| 3/3 [00:11<00:00,  3.57s/it]Loading checkpoint shards: 100%|██████████| 3/3 [00:11<00:00,  3.87s/it]
/vol/joberant_nobck/data/NLP_368307701_2526a/inbalmoryles/envs/zamba-env/lib/python3.10/site-packages/accelerate/utils/modeling.py:1598: UserWarning: The following device_map keys do not match any submodules in the model: ['model.layers.29.shared_transformer', 'model.layers.41.shared_transformer', 'model.layers.53.shared_transformer', 'model.layers.65.shared_transformer', 'model.layers.35.shared_transformer', 'model.layers.47.shared_transformer', 'model.layers.59.shared_transformer', 'model.layers.71.shared_transformer']
  warnings.warn(
Some parameters are on the meta device because they were offloaded to the cpu.
Layers:   0%|          | 0/1 [00:00<?, ?it/s]
Layer 1:   0%|          | 0/1000 [00:00<?, ?it/s][ALayer 1:   0%|          | 0/1000 [00:17<?, ?it/s]
Layers:   0%|          | 0/1 [00:17<?, ?it/s]
Traceback (most recent call last):
  File "/vol/joberant_nobck/data/NLP_368307701_2526a/inbalmoryles/100reps/run_layer_experiments.py", line 533, in <module>
    main()
  File "/vol/joberant_nobck/data/NLP_368307701_2526a/inbalmoryles/100reps/run_layer_experiments.py", line 507, in main
    df = run_experiment_for_layer(
  File "/vol/joberant_nobck/data/NLP_368307701_2526a/inbalmoryles/100reps/run_layer_experiments.py", line 255, in run_experiment_for_layer
    with run_with_cf_hf(
  File "/vol/joberant_nobck/data/NLP_368307701_2526a/inbalmoryles/envs/zamba-env/lib/python3.10/contextlib.py", line 135, in __enter__
    return next(self.gen)
  File "/vol/joberant_nobck/data/NLP_368307701_2526a/inbalmoryles/100reps/tasks/dist.py", line 242, in run_with_cf_hf
    out_cf = model(**enc_cf, output_hidden_states=True, return_dict=True)
  File "/vol/joberant_nobck/data/NLP_368307701_2526a/inbalmoryles/envs/zamba-env/lib/python3.10/site-packages/torch/nn/modules/module.py", line 1553, in _wrapped_call_impl
    return self._call_impl(*args, **kwargs)
  File "/vol/joberant_nobck/data/NLP_368307701_2526a/inbalmoryles/envs/zamba-env/lib/python3.10/site-packages/torch/nn/modules/module.py", line 1562, in _call_impl
    return forward_call(*args, **kwargs)
  File "/vol/joberant_nobck/data/NLP_368307701_2526a/inbalmoryles/envs/zamba-env/lib/python3.10/site-packages/accelerate/hooks.py", line 192, in new_forward
    output = module._old_forward(*args, **kwargs)
  File "/vol/joberant_nobck/data/NLP_368307701_2526a/inbalmoryles/envs/zamba-env/lib/python3.10/site-packages/transformers/utils/deprecation.py", line 172, in wrapped_func
    return func(*args, **kwargs)
  File "/vol/joberant_nobck/data/NLP_368307701_2526a/inbalmoryles/envs/zamba-env/lib/python3.10/site-packages/transformers/models/zamba2/modeling_zamba2.py", line 1708, in forward
    outputs = self.model(
  File "/vol/joberant_nobck/data/NLP_368307701_2526a/inbalmoryles/envs/zamba-env/lib/python3.10/site-packages/torch/nn/modules/module.py", line 1553, in _wrapped_call_impl
    return self._call_impl(*args, **kwargs)
  File "/vol/joberant_nobck/data/NLP_368307701_2526a/inbalmoryles/envs/zamba-env/lib/python3.10/site-packages/torch/nn/modules/module.py", line 1562, in _call_impl
    return forward_call(*args, **kwargs)
  File "/vol/joberant_nobck/data/NLP_368307701_2526a/inbalmoryles/envs/zamba-env/lib/python3.10/site-packages/transformers/models/zamba2/modeling_zamba2.py", line 1499, in forward
    layer_outputs = layer(
  File "/vol/joberant_nobck/data/NLP_368307701_2526a/inbalmoryles/envs/zamba-env/lib/python3.10/site-packages/torch/nn/modules/module.py", line 1553, in _wrapped_call_impl
    return self._call_impl(*args, **kwargs)
  File "/vol/joberant_nobck/data/NLP_368307701_2526a/inbalmoryles/envs/zamba-env/lib/python3.10/site-packages/torch/nn/modules/module.py", line 1562, in _call_impl
    return forward_call(*args, **kwargs)
  File "/vol/joberant_nobck/data/NLP_368307701_2526a/inbalmoryles/envs/zamba-env/lib/python3.10/site-packages/accelerate/hooks.py", line 192, in new_forward
    output = module._old_forward(*args, **kwargs)
  File "/vol/joberant_nobck/data/NLP_368307701_2526a/inbalmoryles/envs/zamba-env/lib/python3.10/site-packages/transformers/models/zamba2/modeling_zamba2.py", line 1138, in forward
    hidden_states = self.mamba(
  File "/vol/joberant_nobck/data/NLP_368307701_2526a/inbalmoryles/envs/zamba-env/lib/python3.10/site-packages/torch/nn/modules/module.py", line 1553, in _wrapped_call_impl
    return self._call_impl(*args, **kwargs)
  File "/vol/joberant_nobck/data/NLP_368307701_2526a/inbalmoryles/envs/zamba-env/lib/python3.10/site-packages/torch/nn/modules/module.py", line 1562, in _call_impl
    return forward_call(*args, **kwargs)
  File "/vol/joberant_nobck/data/NLP_368307701_2526a/inbalmoryles/envs/zamba-env/lib/python3.10/site-packages/accelerate/hooks.py", line 192, in new_forward
    output = module._old_forward(*args, **kwargs)
  File "/vol/joberant_nobck/data/NLP_368307701_2526a/inbalmoryles/envs/zamba-env/lib/python3.10/site-packages/transformers/models/zamba2/modeling_zamba2.py", line 983, in forward
    return self.torch_forward(hidden_states, cache_params, attention_mask)
  File "/vol/joberant_nobck/data/NLP_368307701_2526a/inbalmoryles/envs/zamba-env/lib/python3.10/site-packages/transformers/models/zamba2/modeling_zamba2.py", line 915, in torch_forward
    G_intermediate = C[:, :, :, None, :, :] * B[:, :, None, :, : ,:]  # shape: (b, c, l, s, h, n)
torch.OutOfMemoryError: CUDA out of memory. Tried to allocate 7.00 GiB. GPU 0 has a total capacity of 10.57 GiB of which 3.96 GiB is free. Including non-PyTorch memory, this process has 6.61 GiB memory in use. Of the allocated memory 6.27 GiB is allocated by PyTorch, and 154.19 MiB is reserved by PyTorch but unallocated. If reserved but unallocated memory is large try setting PYTORCH_CUDA_ALLOC_CONF=expandable_segments:True to avoid fragmentation.  See documentation for Memory Management  (https://pytorch.org/docs/stable/notes/cuda.html#environment-variables)
