/vol/joberant_nobck/data/NLP_368307701_2526a/inbalmoryles/envs/zamba-env/lib/python3.10/site-packages/mamba_ssm/ops/selective_scan_interface.py:164: FutureWarning: `torch.cuda.amp.custom_fwd(args...)` is deprecated. Please use `torch.amp.custom_fwd(args..., device_type='cuda')` instead.
  def forward(ctx, xz, conv1d_weight, conv1d_bias, x_proj_weight, delta_proj_weight,
/vol/joberant_nobck/data/NLP_368307701_2526a/inbalmoryles/envs/zamba-env/lib/python3.10/site-packages/mamba_ssm/ops/selective_scan_interface.py:240: FutureWarning: `torch.cuda.amp.custom_bwd(args...)` is deprecated. Please use `torch.amp.custom_bwd(args..., device_type='cuda')` instead.
  def backward(ctx, dout):
/vol/joberant_nobck/data/NLP_368307701_2526a/inbalmoryles/envs/zamba-env/lib/python3.10/site-packages/mamba_ssm/ops/triton/layer_norm.py:986: FutureWarning: `torch.cuda.amp.custom_fwd(args...)` is deprecated. Please use `torch.amp.custom_fwd(args..., device_type='cuda')` instead.
  def forward(
/vol/joberant_nobck/data/NLP_368307701_2526a/inbalmoryles/envs/zamba-env/lib/python3.10/site-packages/mamba_ssm/ops/triton/layer_norm.py:1045: FutureWarning: `torch.cuda.amp.custom_bwd(args...)` is deprecated. Please use `torch.amp.custom_bwd(args..., device_type='cuda')` instead.
  def backward(ctx, dout, *args):
/vol/joberant_nobck/data/NLP_368307701_2526a/inbalmoryles/envs/zamba-env/lib/python3.10/site-packages/mamba_ssm/distributed/tensor_parallel.py:26: FutureWarning: `torch.cuda.amp.custom_fwd(args...)` is deprecated. Please use `torch.amp.custom_fwd(args..., device_type='cuda')` instead.
  def forward(ctx, x, weight, bias, process_group=None, sequence_parallel=True):
/vol/joberant_nobck/data/NLP_368307701_2526a/inbalmoryles/envs/zamba-env/lib/python3.10/site-packages/mamba_ssm/distributed/tensor_parallel.py:62: FutureWarning: `torch.cuda.amp.custom_bwd(args...)` is deprecated. Please use `torch.amp.custom_bwd(args..., device_type='cuda')` instead.
  def backward(ctx, grad_output):
/vol/joberant_nobck/data/NLP_368307701_2526a/inbalmoryles/envs/zamba-env/lib/python3.10/site-packages/mamba_ssm/ops/triton/ssd_combined.py:758: FutureWarning: `torch.cuda.amp.custom_fwd(args...)` is deprecated. Please use `torch.amp.custom_fwd(args..., device_type='cuda')` instead.
  def forward(ctx, zxbcdt, conv1d_weight, conv1d_bias, dt_bias, A, D, chunk_size, initial_states=None, seq_idx=None, dt_limit=(0.0, float("inf")), return_final_states=False, activation="silu",
/vol/joberant_nobck/data/NLP_368307701_2526a/inbalmoryles/envs/zamba-env/lib/python3.10/site-packages/mamba_ssm/ops/triton/ssd_combined.py:836: FutureWarning: `torch.cuda.amp.custom_bwd(args...)` is deprecated. Please use `torch.amp.custom_bwd(args..., device_type='cuda')` instead.
  def backward(ctx, dout, *args):
Loading checkpoint shards:   0%|          | 0/3 [00:00<?, ?it/s]Loading checkpoint shards:  33%|███▎      | 1/3 [00:03<00:06,  3.25s/it]Loading checkpoint shards:  67%|██████▋   | 2/3 [00:06<00:03,  3.20s/it]Loading checkpoint shards: 100%|██████████| 3/3 [00:09<00:00,  3.17s/it]Loading checkpoint shards: 100%|██████████| 3/3 [00:09<00:00,  3.19s/it]
/vol/joberant_nobck/data/NLP_368307701_2526a/inbalmoryles/envs/zamba-env/lib/python3.10/site-packages/accelerate/utils/modeling.py:1598: UserWarning: The following device_map keys do not match any submodules in the model: ['model.layers.17.shared_transformer', 'model.layers.29.shared_transformer', 'model.layers.41.shared_transformer', 'model.layers.53.shared_transformer', 'model.layers.65.shared_transformer', 'model.layers.23.shared_transformer', 'model.layers.35.shared_transformer', 'model.layers.47.shared_transformer', 'model.layers.59.shared_transformer', 'model.layers.71.shared_transformer']
  warnings.warn(
Layers:   0%|          | 0/1 [00:00<?, ?it/s]
Layer 0:   0%|          | 0/1000 [00:00<?, ?it/s][ALayer 0:   0%|          | 0/1000 [00:09<?, ?it/s]
Layers:   0%|          | 0/1 [00:09<?, ?it/s]
Traceback (most recent call last):
  File "/vol/joberant_nobck/data/NLP_368307701_2526a/inbalmoryles/100reps/run_layer_experiments.py", line 580, in <module>
    main()
  File "/vol/joberant_nobck/data/NLP_368307701_2526a/inbalmoryles/100reps/run_layer_experiments.py", line 553, in main
    df = run_experiment_for_layer(
  File "/vol/joberant_nobck/data/NLP_368307701_2526a/inbalmoryles/100reps/run_layer_experiments.py", line 292, in run_experiment_for_layer
    with run_with_cf_hf(
  File "/vol/joberant_nobck/data/NLP_368307701_2526a/inbalmoryles/envs/zamba-env/lib/python3.10/contextlib.py", line 135, in __enter__
    return next(self.gen)
  File "/vol/joberant_nobck/data/NLP_368307701_2526a/inbalmoryles/100reps/tasks/dist.py", line 242, in run_with_cf_hf
    out_cf = model(**enc_cf, output_hidden_states=True, return_dict=True)
  File "/vol/joberant_nobck/data/NLP_368307701_2526a/inbalmoryles/envs/zamba-env/lib/python3.10/site-packages/torch/nn/modules/module.py", line 1553, in _wrapped_call_impl
    return self._call_impl(*args, **kwargs)
  File "/vol/joberant_nobck/data/NLP_368307701_2526a/inbalmoryles/envs/zamba-env/lib/python3.10/site-packages/torch/nn/modules/module.py", line 1562, in _call_impl
    return forward_call(*args, **kwargs)
  File "/vol/joberant_nobck/data/NLP_368307701_2526a/inbalmoryles/envs/zamba-env/lib/python3.10/site-packages/accelerate/hooks.py", line 192, in new_forward
    output = module._old_forward(*args, **kwargs)
  File "/vol/joberant_nobck/data/NLP_368307701_2526a/inbalmoryles/envs/zamba-env/lib/python3.10/site-packages/transformers/utils/deprecation.py", line 172, in wrapped_func
    return func(*args, **kwargs)
  File "/vol/joberant_nobck/data/NLP_368307701_2526a/inbalmoryles/envs/zamba-env/lib/python3.10/site-packages/transformers/models/zamba2/modeling_zamba2.py", line 1708, in forward
    outputs = self.model(
  File "/vol/joberant_nobck/data/NLP_368307701_2526a/inbalmoryles/envs/zamba-env/lib/python3.10/site-packages/torch/nn/modules/module.py", line 1553, in _wrapped_call_impl
    return self._call_impl(*args, **kwargs)
  File "/vol/joberant_nobck/data/NLP_368307701_2526a/inbalmoryles/envs/zamba-env/lib/python3.10/site-packages/torch/nn/modules/module.py", line 1562, in _call_impl
    return forward_call(*args, **kwargs)
  File "/vol/joberant_nobck/data/NLP_368307701_2526a/inbalmoryles/envs/zamba-env/lib/python3.10/site-packages/transformers/models/zamba2/modeling_zamba2.py", line 1499, in forward
    layer_outputs = layer(
  File "/vol/joberant_nobck/data/NLP_368307701_2526a/inbalmoryles/envs/zamba-env/lib/python3.10/site-packages/torch/nn/modules/module.py", line 1553, in _wrapped_call_impl
    return self._call_impl(*args, **kwargs)
  File "/vol/joberant_nobck/data/NLP_368307701_2526a/inbalmoryles/envs/zamba-env/lib/python3.10/site-packages/torch/nn/modules/module.py", line 1562, in _call_impl
    return forward_call(*args, **kwargs)
  File "/vol/joberant_nobck/data/NLP_368307701_2526a/inbalmoryles/envs/zamba-env/lib/python3.10/site-packages/accelerate/hooks.py", line 192, in new_forward
    output = module._old_forward(*args, **kwargs)
  File "/vol/joberant_nobck/data/NLP_368307701_2526a/inbalmoryles/envs/zamba-env/lib/python3.10/site-packages/transformers/models/zamba2/modeling_zamba2.py", line 1138, in forward
    hidden_states = self.mamba(
  File "/vol/joberant_nobck/data/NLP_368307701_2526a/inbalmoryles/envs/zamba-env/lib/python3.10/site-packages/torch/nn/modules/module.py", line 1553, in _wrapped_call_impl
    return self._call_impl(*args, **kwargs)
  File "/vol/joberant_nobck/data/NLP_368307701_2526a/inbalmoryles/envs/zamba-env/lib/python3.10/site-packages/torch/nn/modules/module.py", line 1562, in _call_impl
    return forward_call(*args, **kwargs)
  File "/vol/joberant_nobck/data/NLP_368307701_2526a/inbalmoryles/envs/zamba-env/lib/python3.10/site-packages/accelerate/hooks.py", line 192, in new_forward
    output = module._old_forward(*args, **kwargs)
  File "/vol/joberant_nobck/data/NLP_368307701_2526a/inbalmoryles/envs/zamba-env/lib/python3.10/site-packages/transformers/models/zamba2/modeling_zamba2.py", line 981, in forward
    return self.cuda_kernels_forward(hidden_states, cache_params, attention_mask)
  File "/vol/joberant_nobck/data/NLP_368307701_2526a/inbalmoryles/envs/zamba-env/lib/python3.10/site-packages/transformers/models/zamba2/modeling_zamba2.py", line 756, in cuda_kernels_forward
    scan_output, ssm_state = mamba_chunk_scan_combined(
  File "/vol/joberant_nobck/data/NLP_368307701_2526a/inbalmoryles/envs/zamba-env/lib/python3.10/site-packages/mamba_ssm/ops/triton/ssd_combined.py", line 581, in mamba_chunk_scan_combined
    return MambaChunkScanCombinedFn.apply(x, dt, A, B, C, chunk_size, D, z, dt_bias, initial_states, seq_idx, cu_seqlens, dt_softplus, dt_limit, return_final_states, return_varlen_states)
  File "/vol/joberant_nobck/data/NLP_368307701_2526a/inbalmoryles/envs/zamba-env/lib/python3.10/site-packages/torch/autograd/function.py", line 574, in apply
    return super().apply(*args, **kwargs)  # type: ignore[misc]
  File "/vol/joberant_nobck/data/NLP_368307701_2526a/inbalmoryles/envs/zamba-env/lib/python3.10/site-packages/mamba_ssm/ops/triton/ssd_combined.py", line 540, in forward
    out, out_x, dt_out, dA_cumsum, states, final_states, *rest = _mamba_chunk_scan_combined_fwd(x, dt, A, B, C, chunk_size, D=D, z=z, dt_bias=dt_bias, initial_states=initial_states, seq_idx=seq_idx, cu_seqlens=cu_seqlens, dt_softplus=dt_softplus, dt_limit=dt_limit)
  File "/vol/joberant_nobck/data/NLP_368307701_2526a/inbalmoryles/envs/zamba-env/lib/python3.10/site-packages/mamba_ssm/ops/triton/ssd_combined.py", line 324, in _mamba_chunk_scan_combined_fwd
    out, out_x = _chunk_scan_fwd(CB, x, dt, dA_cumsum, C, states, D=D, z=z, seq_idx=seq_idx)
  File "/vol/joberant_nobck/data/NLP_368307701_2526a/inbalmoryles/envs/zamba-env/lib/python3.10/site-packages/mamba_ssm/ops/triton/ssd_chunk_scan.py", line 1257, in _chunk_scan_fwd
    _chunk_scan_fwd_kernel[grid](
  File "/vol/joberant_nobck/data/NLP_368307701_2526a/inbalmoryles/envs/zamba-env/lib/python3.10/site-packages/triton/runtime/jit.py", line 345, in <lambda>
    return lambda *args, **kwargs: self.run(grid=grid, warmup=False, *args, **kwargs)
  File "/vol/joberant_nobck/data/NLP_368307701_2526a/inbalmoryles/envs/zamba-env/lib/python3.10/site-packages/triton/runtime/autotuner.py", line 171, in run
    ret = self.fn.run(
  File "/vol/joberant_nobck/data/NLP_368307701_2526a/inbalmoryles/envs/zamba-env/lib/python3.10/site-packages/triton/runtime/jit.py", line 691, in run
    kernel.run(grid_0, grid_1, grid_2, stream, kernel.function, kernel.packed_metadata, launch_metadata,
  File "/vol/joberant_nobck/data/NLP_368307701_2526a/inbalmoryles/envs/zamba-env/lib/python3.10/site-packages/triton/backends/nvidia/driver.py", line 365, in __call__
    self.launch(*args, **kwargs)
ValueError: Pointer argument (at 0) cannot be accessed from Triton (cpu tensor?)
