/var/spool/slurmd/job272796/slurm_script: line 12: /vol/joberant_nobck/data/NLP_368307701_2526a/inbalmoryles/envs/zamba-env/bin/activate: No such file or directory
  error: subprocess-exited-with-error
  
  × Building wheel for causal-conv1d (pyproject.toml) did not run successfully.
  │ exit code: 1
  ╰─> [149 lines of output]
      /tmp/pip-build-env-liqlt4ak/overlay/lib/python3.13/site-packages/wheel/bdist_wheel.py:4: FutureWarning: The 'wheel' package is no longer the canonical location of the 'bdist_wheel' command, and will be removed in a future release. Please update to setuptools v70.1 or later which contains an integrated version of this command.
        warn(
      /tmp/pip-build-env-liqlt4ak/overlay/lib/python3.13/site-packages/torch/_subclasses/functional_tensor.py:307: UserWarning: Failed to initialize NumPy: No module named 'numpy' (Triggered internally at /pytorch/torch/csrc/utils/tensor_numpy.cpp:84.)
        cpu = _conversion_method_template(device=torch.device("cpu"))
      /tmp/pip-build-env-liqlt4ak/overlay/lib/python3.13/site-packages/torch/cuda/__init__.py:180: UserWarning: CUDA initialization: The NVIDIA driver on your system is too old (found version 12090). Please update your GPU driver by downloading and installing a new version from the URL: http://www.nvidia.com/Download/index.aspx Alternatively, go to: https://pytorch.org to install a PyTorch version that has been compiled with your version of the CUDA driver. (Triggered internally at /pytorch/c10/cuda/CUDAFunctions.cpp:119.)
        return torch._C._cuda_getDeviceCount() > 0
      W0420 00:37:51.512000 896414 torch/utils/cpp_extension.py:140] No CUDA runtime is found, using CUDA_HOME='/usr/local/cuda-12.2'
      /tmp/pip-build-env-liqlt4ak/overlay/lib/python3.13/site-packages/setuptools/dist.py:765: SetuptoolsDeprecationWarning: License classifiers are deprecated.
      !!
      
              ********************************************************************************
              Please consider removing the following classifiers in favor of a SPDX license expression:
      
              License :: OSI Approved :: BSD License
      
              See https://packaging.python.org/en/latest/guides/writing-pyproject-toml/#license for details.
              ********************************************************************************
      
      !!
        self._finalize_license_expression()
      
      
      torch.__version__  = 2.11.0+cu130
      
      
      running bdist_wheel
      W0420 00:37:52.264000 896414 torch/utils/cpp_extension.py:680] Attempted to use ninja as the BuildExtension backend but we could not find ninja.. Falling back to using the slow distutils backend.
      Guessing wheel URL:  https://github.com/Dao-AILab/causal-conv1d/releases/download/v1.6.1/causal_conv1d-1.6.1+cu13torch2.11cxx11abiTRUE-cp313-cp313-linux_x86_64.whl
      Precompiled wheel not found. Building from source...
      running build
      running build_py
      creating build/lib.linux-x86_64-cpython-313/causal_conv1d
      copying causal_conv1d/__init__.py -> build/lib.linux-x86_64-cpython-313/causal_conv1d
      copying causal_conv1d/causal_conv1d_interface.py -> build/lib.linux-x86_64-cpython-313/causal_conv1d
      copying causal_conv1d/causal_conv1d_varlen.py -> build/lib.linux-x86_64-cpython-313/causal_conv1d
      copying causal_conv1d/cpp_functions.py -> build/lib.linux-x86_64-cpython-313/causal_conv1d
      running build_ext
      W0420 00:37:52.287000 896414 torch/utils/cpp_extension.py:489]                                !! WARNING !!!!!!!!!!!!!!!!!!!!!!!!!!!!!!!!!!!!!!!!!!!!!!!!!!!!!!!!!!!!!!!!!!!!!!!!!!!!!!!!!Your compiler (g++) is not compatible with the compiler Pytorch wasbuilt with for this platform, which is g++ on linux. Pleaseuse g++ to compile your extension. Alternatively, you maycompile PyTorch from source using g++, and then you can also useg++ to compile your extension.See https://github.com/pytorch/pytorch/blob/master/CONTRIBUTING.md for helpwith compiling PyTorch from source.!!!!!!!!!!!!!!!!!!!!!!!!!!!!!!!!!!!!!!!!!!!!!!!!!!!!!!!!!!!!!!!!!!!!!!!!!!!!!!!                              !! WARNING !!
      Traceback (most recent call last):
        File "<string>", line 334, in run
        File "/vol/joberant_nobck/data/NLP_368307701_2526a/inbalmoryles/miniconda3/lib/python3.13/urllib/request.py", line 214, in urlretrieve
          with contextlib.closing(urlopen(url, data)) as fp:
                                  ~~~~~~~^^^^^^^^^^^
        File "/vol/joberant_nobck/data/NLP_368307701_2526a/inbalmoryles/miniconda3/lib/python3.13/urllib/request.py", line 189, in urlopen
          return opener.open(url, data, timeout)
                 ~~~~~~~~~~~^^^^^^^^^^^^^^^^^^^^
        File "/vol/joberant_nobck/data/NLP_368307701_2526a/inbalmoryles/miniconda3/lib/python3.13/urllib/request.py", line 495, in open
          response = meth(req, response)
        File "/vol/joberant_nobck/data/NLP_368307701_2526a/inbalmoryles/miniconda3/lib/python3.13/urllib/request.py", line 604, in http_response
          response = self.parent.error(
              'http', request, response, code, msg, hdrs)
        File "/vol/joberant_nobck/data/NLP_368307701_2526a/inbalmoryles/miniconda3/lib/python3.13/urllib/request.py", line 533, in error
          return self._call_chain(*args)
                 ~~~~~~~~~~~~~~~~^^^^^^^
        File "/vol/joberant_nobck/data/NLP_368307701_2526a/inbalmoryles/miniconda3/lib/python3.13/urllib/request.py", line 466, in _call_chain
          result = func(*args)
        File "/vol/joberant_nobck/data/NLP_368307701_2526a/inbalmoryles/miniconda3/lib/python3.13/urllib/request.py", line 613, in http_error_default
          raise HTTPError(req.full_url, code, msg, hdrs, fp)
      urllib.error.HTTPError: HTTP Error 404: Not Found
      
      During handling of the above exception, another exception occurred:
      
      Traceback (most recent call last):
        File "/vol/joberant_nobck/data/NLP_368307701_2526a/inbalmoryles/miniconda3/lib/python3.13/site-packages/pip/_vendor/pyproject_hooks/_in_process/_in_process.py", line 389, in <module>
          main()
          ~~~~^^
        File "/vol/joberant_nobck/data/NLP_368307701_2526a/inbalmoryles/miniconda3/lib/python3.13/site-packages/pip/_vendor/pyproject_hooks/_in_process/_in_process.py", line 373, in main
          json_out["return_val"] = hook(**hook_input["kwargs"])
                                   ~~~~^^^^^^^^^^^^^^^^^^^^^^^^
        File "/vol/joberant_nobck/data/NLP_368307701_2526a/inbalmoryles/miniconda3/lib/python3.13/site-packages/pip/_vendor/pyproject_hooks/_in_process/_in_process.py", line 280, in build_wheel
          return _build_backend().build_wheel(
                 ~~~~~~~~~~~~~~~~~~~~~~~~~~~~^
              wheel_directory, config_settings, metadata_directory
              ^^^^^^^^^^^^^^^^^^^^^^^^^^^^^^^^^^^^^^^^^^^^^^^^^^^^
          )
          ^
        File "/tmp/pip-build-env-liqlt4ak/overlay/lib/python3.13/site-packages/setuptools/build_meta.py", line 441, in build_wheel
          return _build(['bdist_wheel', '--dist-info-dir', str(metadata_directory)])
        File "/tmp/pip-build-env-liqlt4ak/overlay/lib/python3.13/site-packages/setuptools/build_meta.py", line 429, in _build
          return self._build_with_temp_dir(
                 ~~~~~~~~~~~~~~~~~~~~~~~~~^
              cmd,
              ^^^^
          ...<3 lines>...
              self._arbitrary_args(config_settings),
              ^^^^^^^^^^^^^^^^^^^^^^^^^^^^^^^^^^^^^^
          )
          ^
        File "/tmp/pip-build-env-liqlt4ak/overlay/lib/python3.13/site-packages/setuptools/build_meta.py", line 410, in _build_with_temp_dir
          self.run_setup()
          ~~~~~~~~~~~~~~^^
        File "/tmp/pip-build-env-liqlt4ak/overlay/lib/python3.13/site-packages/setuptools/build_meta.py", line 317, in run_setup
          exec(code, locals())
          ~~~~^^^^^^^^^^^^^^^^
        File "<string>", line 354, in <module>
        File "/tmp/pip-build-env-liqlt4ak/overlay/lib/python3.13/site-packages/setuptools/__init__.py", line 117, in setup
          return distutils.core.setup(**attrs)  # type: ignore[return-value]
                 ~~~~~~~~~~~~~~~~~~~~^^^^^^^^^
        File "/tmp/pip-build-env-liqlt4ak/overlay/lib/python3.13/site-packages/setuptools/_distutils/core.py", line 186, in setup
          return run_commands(dist)
        File "/tmp/pip-build-env-liqlt4ak/overlay/lib/python3.13/site-packages/setuptools/_distutils/core.py", line 202, in run_commands
          dist.run_commands()
          ~~~~~~~~~~~~~~~~~^^
        File "/tmp/pip-build-env-liqlt4ak/overlay/lib/python3.13/site-packages/setuptools/_distutils/dist.py", line 1000, in run_commands
          self.run_command(cmd)
          ~~~~~~~~~~~~~~~~^^^^^
        File "/tmp/pip-build-env-liqlt4ak/overlay/lib/python3.13/site-packages/setuptools/dist.py", line 1107, in run_command
          super().run_command(command)
          ~~~~~~~~~~~~~~~~~~~^^^^^^^^^
        File "/tmp/pip-build-env-liqlt4ak/overlay/lib/python3.13/site-packages/setuptools/_distutils/dist.py", line 1019, in run_command
          cmd_obj.run()
          ~~~~~~~~~~~^^
        File "<string>", line 351, in run
        File "/tmp/pip-build-env-liqlt4ak/overlay/lib/python3.13/site-packages/setuptools/command/bdist_wheel.py", line 370, in run
          self.run_command("build")
          ~~~~~~~~~~~~~~~~^^^^^^^^^
        File "/tmp/pip-build-env-liqlt4ak/overlay/lib/python3.13/site-packages/setuptools/_distutils/cmd.py", line 341, in run_command
          self.distribution.run_command(command)
          ~~~~~~~~~~~~~~~~~~~~~~~~~~~~~^^^^^^^^^
        File "/tmp/pip-build-env-liqlt4ak/overlay/lib/python3.13/site-packages/setuptools/dist.py", line 1107, in run_command
          super().run_command(command)
          ~~~~~~~~~~~~~~~~~~~^^^^^^^^^
        File "/tmp/pip-build-env-liqlt4ak/overlay/lib/python3.13/site-packages/setuptools/_distutils/dist.py", line 1019, in run_command
          cmd_obj.run()
          ~~~~~~~~~~~^^
        File "/tmp/pip-build-env-liqlt4ak/overlay/lib/python3.13/site-packages/setuptools/_distutils/command/build.py", line 135, in run
          self.run_command(cmd_name)
          ~~~~~~~~~~~~~~~~^^^^^^^^^^
        File "/tmp/pip-build-env-liqlt4ak/overlay/lib/python3.13/site-packages/setuptools/_distutils/cmd.py", line 341, in run_command
          self.distribution.run_command(command)
          ~~~~~~~~~~~~~~~~~~~~~~~~~~~~~^^^^^^^^^
        File "/tmp/pip-build-env-liqlt4ak/overlay/lib/python3.13/site-packages/setuptools/dist.py", line 1107, in run_command
          super().run_command(command)
          ~~~~~~~~~~~~~~~~~~~^^^^^^^^^
        File "/tmp/pip-build-env-liqlt4ak/overlay/lib/python3.13/site-packages/setuptools/_distutils/dist.py", line 1019, in run_command
          cmd_obj.run()
          ~~~~~~~~~~~^^
        File "/tmp/pip-build-env-liqlt4ak/overlay/lib/python3.13/site-packages/setuptools/command/build_ext.py", line 97, in run
          _build_ext.run(self)
          ~~~~~~~~~~~~~~^^^^^^
        File "/tmp/pip-build-env-liqlt4ak/overlay/lib/python3.13/site-packages/setuptools/_distutils/command/build_ext.py", line 367, in run
          self.build_extensions()
          ~~~~~~~~~~~~~~~~~~~~~^^
        File "/tmp/pip-build-env-liqlt4ak/overlay/lib/python3.13/site-packages/torch/utils/cpp_extension.py", line 716, in build_extensions
          _check_cuda_version(compiler_name, compiler_version)
          ~~~~~~~~~~~~~~~~~~~^^^^^^^^^^^^^^^^^^^^^^^^^^^^^^^^^
        File "/tmp/pip-build-env-liqlt4ak/overlay/lib/python3.13/site-packages/torch/utils/cpp_extension.py", line 545, in _check_cuda_version
          raise RuntimeError(CUDA_MISMATCH_MESSAGE, cuda_str_version, torch.version.cuda)
      RuntimeError: ('The detected CUDA version (%s) mismatches the version that was used to compilePyTorch (%s). Please make sure to use the same CUDA versions.', '12.2', '13.0')
      [end of output]
  
  note: This error originates from a subprocess, and is likely not a problem with pip.
  ERROR: Failed building wheel for causal-conv1d
  error: subprocess-exited-with-error
  
  × Building wheel for mamba-ssm (pyproject.toml) did not run successfully.
  │ exit code: 1
  ╰─> [224 lines of output]
      /tmp/pip-build-env-g9vh6j5t/overlay/lib/python3.13/site-packages/wheel/bdist_wheel.py:4: FutureWarning: The 'wheel' package is no longer the canonical location of the 'bdist_wheel' command, and will be removed in a future release. Please update to setuptools v70.1 or later which contains an integrated version of this command.
        warn(
      /tmp/pip-build-env-g9vh6j5t/overlay/lib/python3.13/site-packages/torch/_subclasses/functional_tensor.py:307: UserWarning: Failed to initialize NumPy: No module named 'numpy' (Triggered internally at /pytorch/torch/csrc/utils/tensor_numpy.cpp:84.)
        cpu = _conversion_method_template(device=torch.device("cpu"))
      /tmp/pip-build-env-g9vh6j5t/overlay/lib/python3.13/site-packages/torch/cuda/__init__.py:180: UserWarning: CUDA initialization: The NVIDIA driver on your system is too old (found version 12090). Please update your GPU driver by downloading and installing a new version from the URL: http://www.nvidia.com/Download/index.aspx Alternatively, go to: https://pytorch.org to install a PyTorch version that has been compiled with your version of the CUDA driver. (Triggered internally at /pytorch/c10/cuda/CUDAFunctions.cpp:119.)
        return torch._C._cuda_getDeviceCount() > 0
      W0420 00:37:55.204000 896421 torch/utils/cpp_extension.py:140] No CUDA runtime is found, using CUDA_HOME='/usr/local/cuda-12.2'
      /tmp/pip-build-env-g9vh6j5t/overlay/lib/python3.13/site-packages/setuptools/config/_apply_pyprojecttoml.py:82: SetuptoolsDeprecationWarning: `project.license` as a TOML table is deprecated
      !!
      
              ********************************************************************************
              Please use a simple string containing a SPDX expression for `project.license`. You can also use `project.license-files`. (Both options available on setuptools>=77.0.0).
      
              By 2027-Feb-18, you need to update your project and remove deprecated calls
              or your builds will no longer be supported.
      
              See https://packaging.python.org/en/latest/guides/writing-pyproject-toml/#license for details.
              ********************************************************************************
      
      !!
        corresp(dist, value, root_dir)
      /tmp/pip-build-env-g9vh6j5t/overlay/lib/python3.13/site-packages/setuptools/config/_apply_pyprojecttoml.py:82: SetuptoolsWarning: `install_requires` overwritten in `pyproject.toml` (dependencies)
        corresp(dist, value, root_dir)
      /tmp/pip-build-env-g9vh6j5t/overlay/lib/python3.13/site-packages/setuptools/config/_apply_pyprojecttoml.py:61: SetuptoolsDeprecationWarning: License classifiers are deprecated.
      !!
      
              ********************************************************************************
              Please consider removing the following classifiers in favor of a SPDX license expression:
      
              License :: OSI Approved :: Apache Software License
      
              See https://packaging.python.org/en/latest/guides/writing-pyproject-toml/#license for details.
              ********************************************************************************
      
      !!
        dist._finalize_license_expression()
      /tmp/pip-build-env-g9vh6j5t/overlay/lib/python3.13/site-packages/setuptools/dist.py:765: SetuptoolsDeprecationWarning: License classifiers are deprecated.
      !!
      
              ********************************************************************************
              Please consider removing the following classifiers in favor of a SPDX license expression:
      
              License :: OSI Approved :: Apache Software License
      
              See https://packaging.python.org/en/latest/guides/writing-pyproject-toml/#license for details.
              ********************************************************************************
      
      !!
        self._finalize_license_expression()
      
      
      torch.__version__  = 2.11.0+cu130
      
      
      running bdist_wheel
      Guessing wheel URL:  https://github.com/state-spaces/mamba/releases/download/v2.3.1/mamba_ssm-2.3.1+cu13torch2.11cxx11abiTRUE-cp313-cp313-linux_x86_64.whl
      Precompiled wheel not found. Building from source...
      running build
      running build_py
      creating build/lib.linux-x86_64-cpython-313/mamba_ssm
      copying mamba_ssm/__init__.py -> build/lib.linux-x86_64-cpython-313/mamba_ssm
      creating build/lib.linux-x86_64-cpython-313/mamba_ssm/distributed
      copying mamba_ssm/distributed/__init__.py -> build/lib.linux-x86_64-cpython-313/mamba_ssm/distributed
      copying mamba_ssm/distributed/tensor_parallel.py -> build/lib.linux-x86_64-cpython-313/mamba_ssm/distributed
      copying mamba_ssm/distributed/distributed_utils.py -> build/lib.linux-x86_64-cpython-313/mamba_ssm/distributed
      creating build/lib.linux-x86_64-cpython-313/mamba_ssm/models
      copying mamba_ssm/models/mixer_seq_simple.py -> build/lib.linux-x86_64-cpython-313/mamba_ssm/models
      copying mamba_ssm/models/__init__.py -> build/lib.linux-x86_64-cpython-313/mamba_ssm/models
      copying mamba_ssm/models/config_mamba.py -> build/lib.linux-x86_64-cpython-313/mamba_ssm/models
      creating build/lib.linux-x86_64-cpython-313/mamba_ssm/utils
      copying mamba_ssm/utils/torch.py -> build/lib.linux-x86_64-cpython-313/mamba_ssm/utils
      copying mamba_ssm/utils/__init__.py -> build/lib.linux-x86_64-cpython-313/mamba_ssm/utils
      copying mamba_ssm/utils/determinism.py -> build/lib.linux-x86_64-cpython-313/mamba_ssm/utils
      copying mamba_ssm/utils/generation.py -> build/lib.linux-x86_64-cpython-313/mamba_ssm/utils
      copying mamba_ssm/utils/hf.py -> build/lib.linux-x86_64-cpython-313/mamba_ssm/utils
      creating build/lib.linux-x86_64-cpython-313/mamba_ssm/modules
      copying mamba_ssm/modules/__init__.py -> build/lib.linux-x86_64-cpython-313/mamba_ssm/modules
      copying mamba_ssm/modules/block.py -> build/lib.linux-x86_64-cpython-313/mamba_ssm/modules
      copying mamba_ssm/modules/ssd_minimal.py -> build/lib.linux-x86_64-cpython-313/mamba_ssm/modules
      copying mamba_ssm/modules/mamba2.py -> build/lib.linux-x86_64-cpython-313/mamba_ssm/modules
      copying mamba_ssm/modules/mha.py -> build/lib.linux-x86_64-cpython-313/mamba_ssm/modules
      copying mamba_ssm/modules/mamba_simple.py -> build/lib.linux-x86_64-cpython-313/mamba_ssm/modules
      copying mamba_ssm/modules/mlp.py -> build/lib.linux-x86_64-cpython-313/mamba_ssm/modules
      copying mamba_ssm/modules/mamba2_simple.py -> build/lib.linux-x86_64-cpython-313/mamba_ssm/modules
      creating build/lib.linux-x86_64-cpython-313/mamba_ssm/ops
      copying mamba_ssm/ops/__init__.py -> build/lib.linux-x86_64-cpython-313/mamba_ssm/ops
      copying mamba_ssm/ops/selective_scan_interface.py -> build/lib.linux-x86_64-cpython-313/mamba_ssm/ops
      creating build/lib.linux-x86_64-cpython-313/mamba_ssm/ops/triton
      copying mamba_ssm/ops/triton/layernorm_gated.py -> build/lib.linux-x86_64-cpython-313/mamba_ssm/ops/triton
      copying mamba_ssm/ops/triton/ssd_combined.py -> build/lib.linux-x86_64-cpython-313/mamba_ssm/ops/triton
      copying mamba_ssm/ops/triton/ssd_bmm.py -> build/lib.linux-x86_64-cpython-313/mamba_ssm/ops/triton
      copying mamba_ssm/ops/triton/__init__.py -> build/lib.linux-x86_64-cpython-313/mamba_ssm/ops/triton
      copying mamba_ssm/ops/triton/ssd_state_passing.py -> build/lib.linux-x86_64-cpython-313/mamba_ssm/ops/triton
      copying mamba_ssm/ops/triton/layer_norm.py -> build/lib.linux-x86_64-cpython-313/mamba_ssm/ops/triton
      copying mamba_ssm/ops/triton/ssd_chunk_scan.py -> build/lib.linux-x86_64-cpython-313/mamba_ssm/ops/triton
      copying mamba_ssm/ops/triton/selective_state_update.py -> build/lib.linux-x86_64-cpython-313/mamba_ssm/ops/triton
      copying mamba_ssm/ops/triton/ssd_chunk_state.py -> build/lib.linux-x86_64-cpython-313/mamba_ssm/ops/triton
      copying mamba_ssm/ops/triton/softplus.py -> build/lib.linux-x86_64-cpython-313/mamba_ssm/ops/triton
      copying mamba_ssm/ops/triton/k_activations.py -> build/lib.linux-x86_64-cpython-313/mamba_ssm/ops/triton
      running egg_info
      writing mamba_ssm.egg-info/PKG-INFO
      writing dependency_links to mamba_ssm.egg-info/dependency_links.txt
      writing requirements to mamba_ssm.egg-info/requires.txt
      writing top-level names to mamba_ssm.egg-info/top_level.txt
      reading manifest file 'mamba_ssm.egg-info/SOURCES.txt'
      reading manifest template 'MANIFEST.in'
      warning: manifest_maker: MANIFEST.in, line 3: unknown action 'README.md'
      
      adding license file 'LICENSE'
      adding license file 'AUTHORS'
      writing manifest file 'mamba_ssm.egg-info/SOURCES.txt'
      running build_ext
      W0420 00:37:55.944000 896421 torch/utils/cpp_extension.py:489]                                !! WARNING !!!!!!!!!!!!!!!!!!!!!!!!!!!!!!!!!!!!!!!!!!!!!!!!!!!!!!!!!!!!!!!!!!!!!!!!!!!!!!!!!Your compiler (g++) is not compatible with the compiler Pytorch wasbuilt with for this platform, which is g++ on linux. Pleaseuse g++ to compile your extension. Alternatively, you maycompile PyTorch from source using g++, and then you can also useg++ to compile your extension.See https://github.com/pytorch/pytorch/blob/master/CONTRIBUTING.md for helpwith compiling PyTorch from source.!!!!!!!!!!!!!!!!!!!!!!!!!!!!!!!!!!!!!!!!!!!!!!!!!!!!!!!!!!!!!!!!!!!!!!!!!!!!!!!                              !! WARNING !!
      Traceback (most recent call last):
        File "<string>", line 342, in run
        File "/vol/joberant_nobck/data/NLP_368307701_2526a/inbalmoryles/miniconda3/lib/python3.13/urllib/request.py", line 214, in urlretrieve
          with contextlib.closing(urlopen(url, data)) as fp:
                                  ~~~~~~~^^^^^^^^^^^
        File "/vol/joberant_nobck/data/NLP_368307701_2526a/inbalmoryles/miniconda3/lib/python3.13/urllib/request.py", line 189, in urlopen
          return opener.open(url, data, timeout)
                 ~~~~~~~~~~~^^^^^^^^^^^^^^^^^^^^
        File "/vol/joberant_nobck/data/NLP_368307701_2526a/inbalmoryles/miniconda3/lib/python3.13/urllib/request.py", line 495, in open
          response = meth(req, response)
        File "/vol/joberant_nobck/data/NLP_368307701_2526a/inbalmoryles/miniconda3/lib/python3.13/urllib/request.py", line 604, in http_response
          response = self.parent.error(
              'http', request, response, code, msg, hdrs)
        File "/vol/joberant_nobck/data/NLP_368307701_2526a/inbalmoryles/miniconda3/lib/python3.13/urllib/request.py", line 533, in error
          return self._call_chain(*args)
                 ~~~~~~~~~~~~~~~~^^^^^^^
        File "/vol/joberant_nobck/data/NLP_368307701_2526a/inbalmoryles/miniconda3/lib/python3.13/urllib/request.py", line 466, in _call_chain
          result = func(*args)
        File "/vol/joberant_nobck/data/NLP_368307701_2526a/inbalmoryles/miniconda3/lib/python3.13/urllib/request.py", line 613, in http_error_default
          raise HTTPError(req.full_url, code, msg, hdrs, fp)
      urllib.error.HTTPError: HTTP Error 404: Not Found
      
      During handling of the above exception, another exception occurred:
      
      Traceback (most recent call last):
        File "/vol/joberant_nobck/data/NLP_368307701_2526a/inbalmoryles/miniconda3/lib/python3.13/site-packages/pip/_vendor/pyproject_hooks/_in_process/_in_process.py", line 389, in <module>
          main()
          ~~~~^^
        File "/vol/joberant_nobck/data/NLP_368307701_2526a/inbalmoryles/miniconda3/lib/python3.13/site-packages/pip/_vendor/pyproject_hooks/_in_process/_in_process.py", line 373, in main
          json_out["return_val"] = hook(**hook_input["kwargs"])
                                   ~~~~^^^^^^^^^^^^^^^^^^^^^^^^
        File "/vol/joberant_nobck/data/NLP_368307701_2526a/inbalmoryles/miniconda3/lib/python3.13/site-packages/pip/_vendor/pyproject_hooks/_in_process/_in_process.py", line 280, in build_wheel
          return _build_backend().build_wheel(
                 ~~~~~~~~~~~~~~~~~~~~~~~~~~~~^
              wheel_directory, config_settings, metadata_directory
              ^^^^^^^^^^^^^^^^^^^^^^^^^^^^^^^^^^^^^^^^^^^^^^^^^^^^
          )
          ^
        File "/tmp/pip-build-env-g9vh6j5t/overlay/lib/python3.13/site-packages/setuptools/build_meta.py", line 441, in build_wheel
          return _build(['bdist_wheel', '--dist-info-dir', str(metadata_directory)])
        File "/tmp/pip-build-env-g9vh6j5t/overlay/lib/python3.13/site-packages/setuptools/build_meta.py", line 429, in _build
          return self._build_with_temp_dir(
                 ~~~~~~~~~~~~~~~~~~~~~~~~~^
              cmd,
              ^^^^
          ...<3 lines>...
              self._arbitrary_args(config_settings),
              ^^^^^^^^^^^^^^^^^^^^^^^^^^^^^^^^^^^^^^
          )
          ^
        File "/tmp/pip-build-env-g9vh6j5t/overlay/lib/python3.13/site-packages/setuptools/build_meta.py", line 410, in _build_with_temp_dir
          self.run_setup()
          ~~~~~~~~~~~~~~^^
        File "/tmp/pip-build-env-g9vh6j5t/overlay/lib/python3.13/site-packages/setuptools/build_meta.py", line 317, in run_setup
          exec(code, locals())
          ~~~~^^^^^^^^^^^^^^^^
        File "<string>", line 361, in <module>
        File "/tmp/pip-build-env-g9vh6j5t/overlay/lib/python3.13/site-packages/setuptools/__init__.py", line 117, in setup
          return distutils.core.setup(**attrs)  # type: ignore[return-value]
                 ~~~~~~~~~~~~~~~~~~~~^^^^^^^^^
        File "/tmp/pip-build-env-g9vh6j5t/overlay/lib/python3.13/site-packages/setuptools/_distutils/core.py", line 186, in setup
          return run_commands(dist)
        File "/tmp/pip-build-env-g9vh6j5t/overlay/lib/python3.13/site-packages/setuptools/_distutils/core.py", line 202, in run_commands
          dist.run_commands()
          ~~~~~~~~~~~~~~~~~^^
        File "/tmp/pip-build-env-g9vh6j5t/overlay/lib/python3.13/site-packages/setuptools/_distutils/dist.py", line 1000, in run_commands
          self.run_command(cmd)
          ~~~~~~~~~~~~~~~~^^^^^
        File "/tmp/pip-build-env-g9vh6j5t/overlay/lib/python3.13/site-packages/setuptools/dist.py", line 1107, in run_command
          super().run_command(command)
          ~~~~~~~~~~~~~~~~~~~^^^^^^^^^
        File "/tmp/pip-build-env-g9vh6j5t/overlay/lib/python3.13/site-packages/setuptools/_distutils/dist.py", line 1019, in run_command
          cmd_obj.run()
          ~~~~~~~~~~~^^
        File "<string>", line 359, in run
        File "/tmp/pip-build-env-g9vh6j5t/overlay/lib/python3.13/site-packages/setuptools/command/bdist_wheel.py", line 370, in run
          self.run_command("build")
          ~~~~~~~~~~~~~~~~^^^^^^^^^
        File "/tmp/pip-build-env-g9vh6j5t/overlay/lib/python3.13/site-packages/setuptools/_distutils/cmd.py", line 341, in run_command
          self.distribution.run_command(command)
          ~~~~~~~~~~~~~~~~~~~~~~~~~~~~~^^^^^^^^^
        File "/tmp/pip-build-env-g9vh6j5t/overlay/lib/python3.13/site-packages/setuptools/dist.py", line 1107, in run_command
          super().run_command(command)
          ~~~~~~~~~~~~~~~~~~~^^^^^^^^^
        File "/tmp/pip-build-env-g9vh6j5t/overlay/lib/python3.13/site-packages/setuptools/_distutils/dist.py", line 1019, in run_command
          cmd_obj.run()
          ~~~~~~~~~~~^^
        File "/tmp/pip-build-env-g9vh6j5t/overlay/lib/python3.13/site-packages/setuptools/_distutils/command/build.py", line 135, in run
          self.run_command(cmd_name)
          ~~~~~~~~~~~~~~~~^^^^^^^^^^
        File "/tmp/pip-build-env-g9vh6j5t/overlay/lib/python3.13/site-packages/setuptools/_distutils/cmd.py", line 341, in run_command
          self.distribution.run_command(command)
          ~~~~~~~~~~~~~~~~~~~~~~~~~~~~~^^^^^^^^^
        File "/tmp/pip-build-env-g9vh6j5t/overlay/lib/python3.13/site-packages/setuptools/dist.py", line 1107, in run_command
          super().run_command(command)
          ~~~~~~~~~~~~~~~~~~~^^^^^^^^^
        File "/tmp/pip-build-env-g9vh6j5t/overlay/lib/python3.13/site-packages/setuptools/_distutils/dist.py", line 1019, in run_command
          cmd_obj.run()
          ~~~~~~~~~~~^^
        File "/tmp/pip-build-env-g9vh6j5t/overlay/lib/python3.13/site-packages/setuptools/command/build_ext.py", line 97, in run
          _build_ext.run(self)
          ~~~~~~~~~~~~~~^^^^^^
        File "/tmp/pip-build-env-g9vh6j5t/overlay/lib/python3.13/site-packages/setuptools/_distutils/command/build_ext.py", line 367, in run
          self.build_extensions()
          ~~~~~~~~~~~~~~~~~~~~~^^
        File "/tmp/pip-build-env-g9vh6j5t/overlay/lib/python3.13/site-packages/torch/utils/cpp_extension.py", line 716, in build_extensions
          _check_cuda_version(compiler_name, compiler_version)
          ~~~~~~~~~~~~~~~~~~~^^^^^^^^^^^^^^^^^^^^^^^^^^^^^^^^^
        File "/tmp/pip-build-env-g9vh6j5t/overlay/lib/python3.13/site-packages/torch/utils/cpp_extension.py", line 545, in _check_cuda_version
          raise RuntimeError(CUDA_MISMATCH_MESSAGE, cuda_str_version, torch.version.cuda)
      RuntimeError: ('The detected CUDA version (%s) mismatches the version that was used to compilePyTorch (%s). Please make sure to use the same CUDA versions.', '12.2', '13.0')
      [end of output]
  
  note: This error originates from a subprocess, and is likely not a problem with pip.
  ERROR: Failed building wheel for mamba-ssm
error: failed-wheel-build-for-install

× Failed to build installable wheels for some pyproject.toml based projects
╰─> causal-conv1d, mamba-ssm
Traceback (most recent call last):
  File "<string>", line 1, in <module>
    import torch; print(f'Using GPU: {torch.cuda.get_device_name(0)}')
    ^^^^^^^^^^^^
ModuleNotFoundError: No module named 'torch'
Traceback (most recent call last):
  File "/vol/joberant_nobck/data/NLP_368307701_2526a/inbalmoryles/100reps/run_layer_experiments.py", line 25, in <module>
    import transformers
ModuleNotFoundError: No module named 'transformers'
